<?xml version="1.0" encoding="UTF-8"?>
<testng-results ignored="0" total="2" passed="2" failed="0" skipped="0">
  <reporter-output>
  </reporter-output>
  <suite started-at="2022-01-15T21:56:13 EST" name="Loan Department" finished-at="2022-01-15T21:56:13 EST" duration-ms="37">
    <groups>
    </groups>
    <test started-at="2022-01-15T21:56:13 EST" name="Personal Loan" finished-at="2022-01-15T21:56:13 EST" duration-ms="37">
      <class name="com.amir.sampleproject.AppiumTest">
        <test-method signature="IOSApps()[pri:0, instance:com.amir.sampleproject.AppiumTest@b3ca52e]" started-at="2022-01-15T21:56:13 EST" name="IOSApps" finished-at="2022-01-15T21:56:13 EST" duration-ms="5" status="PASS">
          <reporter-output>
          </reporter-output>
        </test-method> <!-- IOSApps -->
        <test-method signature="NativeAndroid()[pri:0, instance:com.amir.sampleproject.AppiumTest@b3ca52e]" started-at="2022-01-15T21:56:13 EST" name="NativeAndroid" finished-at="2022-01-15T21:56:13 EST" duration-ms="0" status="PASS">
          <reporter-output>
          </reporter-output>
        </test-method> <!-- NativeAndroid -->
      </class> <!-- com.amir.sampleproject.AppiumTest -->
    </test> <!-- Personal Loan -->
  </suite> <!-- Loan Department -->
</testng-results>
